Determining if the pthread_create exist failed with the following output:
Change Dir: /home/jose/Embedded/Build/CMakeFiles/CMakeTmp

Run Build Command:/usr/bin/make "cmTryCompileExec1396840923/fast"
/usr/bin/make -f CMakeFiles/cmTryCompileExec1396840923.dir/build.make CMakeFiles/cmTryCompileExec1396840923.dir/build
make[1]: Entering directory `/home/jose/Embedded/Build/CMakeFiles/CMakeTmp'
/usr/bin/cmake -E cmake_progress_report /home/jose/Embedded/Build/CMakeFiles/CMakeTmp/CMakeFiles 1
Building C object CMakeFiles/cmTryCompileExec1396840923.dir/CheckSymbolExists.c.o
/usr/bin/gcc    -o CMakeFiles/cmTryCompileExec1396840923.dir/CheckSymbolExists.c.o   -c /home/jose/Embedded/Build/CMakeFiles/CMakeTmp/CheckSymbolExists.c
Linking C executable cmTryCompileExec1396840923
/usr/bin/cmake -E cmake_link_script CMakeFiles/cmTryCompileExec1396840923.dir/link.txt --verbose=1
/usr/bin/gcc         CMakeFiles/cmTryCompileExec1396840923.dir/CheckSymbolExists.c.o  -o cmTryCompileExec1396840923 -rdynamic 
CMakeFiles/cmTryCompileExec1396840923.dir/CheckSymbolExists.c.o: In function `main':
CheckSymbolExists.c:(.text+0x38): undefined reference to `pthread_create'
collect2: ld returned 1 exit status
make[1]: *** [cmTryCompileExec1396840923] Error 1
make[1]: Leaving directory `/home/jose/Embedded/Build/CMakeFiles/CMakeTmp'
make: *** [cmTryCompileExec1396840923/fast] Error 2

File /home/jose/Embedded/Build/CMakeFiles/CMakeTmp/CheckSymbolExists.c:
/* */
#include <pthread.h>

int main(int argc, char** argv)
{
  (void)argv;
#ifndef pthread_create
  return ((int*)(&pthread_create))[argc];
#else
  (void)argc;
  return 0;
#endif
}

Determining if the function pthread_create exists in the pthreads failed with the following output:
Change Dir: /home/jose/Embedded/Build/CMakeFiles/CMakeTmp

Run Build Command:/usr/bin/make "cmTryCompileExec3456245880/fast"
/usr/bin/make -f CMakeFiles/cmTryCompileExec3456245880.dir/build.make CMakeFiles/cmTryCompileExec3456245880.dir/build
make[1]: Entering directory `/home/jose/Embedded/Build/CMakeFiles/CMakeTmp'
/usr/bin/cmake -E cmake_progress_report /home/jose/Embedded/Build/CMakeFiles/CMakeTmp/CMakeFiles 1
Building C object CMakeFiles/cmTryCompileExec3456245880.dir/CheckFunctionExists.c.o
/usr/bin/gcc   -DCHECK_FUNCTION_EXISTS=pthread_create   -o CMakeFiles/cmTryCompileExec3456245880.dir/CheckFunctionExists.c.o   -c /usr/share/cmake-2.8/Modules/CheckFunctionExists.c
Linking C executable cmTryCompileExec3456245880
/usr/bin/cmake -E cmake_link_script CMakeFiles/cmTryCompileExec3456245880.dir/link.txt --verbose=1
/usr/bin/gcc     -DCHECK_FUNCTION_EXISTS=pthread_create    CMakeFiles/cmTryCompileExec3456245880.dir/CheckFunctionExists.c.o  -o cmTryCompileExec3456245880 -rdynamic -lpthreads 
/usr/bin/ld: cannot find -lpthreads
collect2: ld returned 1 exit status
make[1]: *** [cmTryCompileExec3456245880] Error 1
make[1]: Leaving directory `/home/jose/Embedded/Build/CMakeFiles/CMakeTmp'
make: *** [cmTryCompileExec3456245880/fast] Error 2


